<?xml version="1.0" encoding="UTF-8"?>
<!-- Generated by org.testng.reporters.JUnitReportReporter -->
<testsuite hostname="DESKTOP-46VVE2N" failures="0" tests="1" name="practicing.TestDisplayed" time="0.573" errors="0" timestamp="2025-08-29T02:50:54 EEST" skipped="0">
  <testcase classname="practicing.TestDisplayed" name="testIsDisplayed" time="0.573"/>
</testsuite> <!-- practicing.TestDisplayed -->
