<?xml version="1.0" encoding="UTF-8"?>
<!-- Generated by org.testng.reporters.JUnitReportReporter -->
<testsuite hostname="DESKTOP-46VVE2N" failures="0" tests="2" name="TestLogin.TestLogin" time="1.917" errors="0" timestamp="2025-08-29T11:18:44 EEST" skipped="0">
  <testcase classname="TestLogin.TestLogin" name="testLogin" time="0.896"/>
  <testcase classname="TestLogin.TestLogin" name="testLogin" time="1.021"/>
</testsuite> <!-- TestLogin.TestLogin -->
