<?xml version="1.0" encoding="UTF-8"?>
<!-- Generated by org.testng.reporters.JUnitReportReporter -->
<testsuite hostname="DESKTOP-46VVE2N" failures="0" tests="1" name="practicing.UsingAlerts" time="2.163" errors="0" timestamp="2025-08-29T01:10:59 EEST" skipped="0">
  <testcase classname="practicing.UsingAlerts" name="test" time="2.163"/>
</testsuite> <!-- practicing.UsingAlerts -->
