<?xml version="1.0" encoding="UTF-8"?>
<!-- Generated by org.testng.reporters.JUnitReportReporter -->
<testsuite hostname="DESKTOP-46VVE2N" failures="0" tests="2" name="MavenMai.Maven111.NavBarTest" time="0.968" errors="0" timestamp="2025-08-21T03:03:36 EEST" skipped="0">
  <testcase classname="MavenMai.Maven111.NavBarTest" name="testSelectList" time="0.589"/>
  <testcase classname="MavenMai.Maven111.NavBarTest" name="testSelectGrid" time="0.379"/>
</testsuite> <!-- MavenMai.Maven111.NavBarTest -->
