<?xml version="1.0" encoding="UTF-8"?>
<!-- Generated by org.testng.reporters.JUnitReportReporter -->
<testsuite hostname="DESKTOP-46VVE2N" failures="0" tests="1" name="practicing.EnableButton" time="10.329" errors="0" timestamp="2025-08-28T22:04:15 EEST" skipped="0">
  <testcase classname="practicing.EnableButton" name="testEnabled" time="10.329"/>
</testsuite> <!-- practicing.EnableButton -->
