<?xml version="1.0" encoding="UTF-8"?>
<!-- Generated by org.testng.reporters.JUnitReportReporter -->
<testsuite hostname="DESKTOP-46VVE2N" failures="0" tests="2" name="Exam.ToDoListTest" time="0.655" errors="0" timestamp="2025-08-29T16:43:12 EEST" skipped="0">
  <testcase classname="Exam.ToDoListTest" name="testToDoList" time="0.306"/>
  <testcase classname="Exam.ToDoListTest" name="testToDoList" time="0.349"/>
</testsuite> <!-- Exam.ToDoListTest -->
