<?xml version="1.0" encoding="UTF-8"?>
<!-- Generated by org.testng.reporters.JUnitReportReporter -->
<testsuite hostname="DESKTOP-46VVE2N" failures="0" tests="1" name="Exam.DealingWithAlerts" time="5.145" errors="0" timestamp="2025-08-29T13:47:10 EEST" skipped="0">
  <testcase classname="Exam.DealingWithAlerts" name="testAlerts" time="5.145"/>
</testsuite> <!-- Exam.DealingWithAlerts -->
