<?xml version="1.0" encoding="UTF-8"?>
<!-- Generated by org.testng.reporters.JUnitReportReporter -->
<testsuite hostname="DESKTOP-46VVE2N" failures="0" tests="1" name="MavenMai.Maven111.Alerts" time="153.794" errors="0" timestamp="2025-08-20T11:41:44 EEST" skipped="0">
  <testcase classname="MavenMai.Maven111.Alerts" name="testAlerts" time="153.794"/>
</testsuite> <!-- MavenMai.Maven111.Alerts -->
