<?xml version="1.0" encoding="UTF-8"?>
<!-- Generated by org.testng.reporters.JUnitReportReporter -->
<testsuite hostname="DESKTOP-46VVE2N" failures="0" tests="2" name="MavenMai.Maven111.LoginTest" time="5.929" errors="0" timestamp="2025-08-20T09:20:36 EEST" skipped="0">
  <testcase classname="MavenMai.Maven111.LoginTest" name="testLogin" time="3.075"/>
  <testcase classname="MavenMai.Maven111.LoginTest" name="testLogin" time="2.854"/>
</testsuite> <!-- MavenMai.Maven111.LoginTest -->
