<?xml version="1.0" encoding="UTF-8"?>
<!-- Generated by org.testng.reporters.JUnitReportReporter -->
<testsuite hostname="DESKTOP-46VVE2N" failures="0" tests="1" name="MavenMai.Maven111.TryAssignment" time="40.065" errors="0" timestamp="2025-08-21T02:01:37 EEST" skipped="0">
  <testcase classname="MavenMai.Maven111.TryAssignment" name="test" time="40.065"/>
</testsuite> <!-- MavenMai.Maven111.TryAssignment -->
