<?xml version="1.0" encoding="UTF-8"?>
<!-- Generated by org.testng.reporters.JUnitReportReporter -->
<testsuite hostname="DESKTOP-46VVE2N" failures="0" tests="1" name="practicing.DropdownList" time="0.152" errors="0" timestamp="2025-08-29T12:45:34 EEST" skipped="0">
  <testcase classname="practicing.DropdownList" name="test" time="0.152"/>
</testsuite> <!-- practicing.DropdownList -->
