<?xml version="1.0" encoding="UTF-8"?>
<!-- Generated by org.testng.reporters.JUnitReportReporter -->
<testsuite hostname="DESKTOP-46VVE2N" failures="0" tests="1" name="MavenMai.Maven111.HoverTest" time="157.609" errors="0" timestamp="2025-08-20T15:53:13 EEST" skipped="0">
  <testcase classname="MavenMai.Maven111.HoverTest" name="testHover" time="157.609"/>
</testsuite> <!-- MavenMai.Maven111.HoverTest -->
