<?xml version="1.0" encoding="UTF-8"?>
<!-- Generated by org.testng.reporters.JUnitReportReporter -->
<testsuite hostname="DESKTOP-46VVE2N" failures="0" tests="1" name="practicing.GetTextMethod" time="0.265" errors="0" timestamp="2025-08-28T21:40:37 EEST" skipped="0">
  <testcase classname="practicing.GetTextMethod" name="test" time="0.265"/>
</testsuite> <!-- practicing.GetTextMethod -->
