<?xml version="1.0" encoding="UTF-8"?>
<!-- Generated by org.testng.reporters.JUnitReportReporter -->
<testsuite hostname="DESKTOP-46VVE2N" failures="0" tests="1" name="Exam.Tables" time="2.073" errors="0" timestamp="2025-08-29T15:15:32 EEST" skipped="0">
  <testcase classname="Exam.Tables" name="testTables" time="2.073"/>
</testsuite> <!-- Exam.Tables -->
