<?xml version="1.0" encoding="UTF-8"?>
<!-- Generated by org.testng.reporters.JUnitReportReporter -->
<testsuite hostname="DESKTOP-46VVE2N" failures="0" tests="1" name="practicing.GoogleTest" time="0.019" errors="0" timestamp="2025-08-29T02:37:02 EEST" skipped="0">
  <testcase classname="practicing.GoogleTest" name="test" time="0.019"/>
</testsuite> <!-- practicing.GoogleTest -->
