<?xml version="1.0" encoding="UTF-8"?>
<!-- Generated by org.testng.reporters.JUnitReportReporter -->
<testsuite hostname="DESKTOP-46VVE2N" failures="0" tests="2" name="practicing.LoginTestWithDataProvider" time="2.750" errors="0" timestamp="2025-08-29T11:21:31 EEST" skipped="0">
  <testcase classname="practicing.LoginTestWithDataProvider" name="testLogin" time="1.214"/>
  <testcase classname="practicing.LoginTestWithDataProvider" name="testLogin" time="1.536"/>
</testsuite> <!-- practicing.LoginTestWithDataProvider -->
