<?xml version="1.0" encoding="UTF-8"?>
<!-- Generated by org.testng.reporters.JUnitReportReporter -->
<testsuite hostname="DESKTOP-46VVE2N" failures="0" tests="1" name="practicing.DropDownButton" time="0.365" errors="0" timestamp="2025-08-28T22:51:19 EEST" skipped="0">
  <testcase classname="practicing.DropDownButton" name="testDropdownBtn" time="0.365"/>
</testsuite> <!-- practicing.DropDownButton -->
