<?xml version="1.0" encoding="UTF-8"?>
<!-- Generated by org.testng.reporters.JUnitReportReporter -->
<testsuite hostname="DESKTOP-46VVE2N" failures="0" tests="1" name="practicing.Checkboxes" time="0.173" errors="0" timestamp="2025-08-29T00:37:03 EEST" skipped="0">
  <testcase classname="practicing.Checkboxes" name="test" time="0.173"/>
</testsuite> <!-- practicing.Checkboxes -->
