<?xml version="1.0" encoding="UTF-8"?>
<!-- Generated by org.testng.reporters.JUnitReportReporter -->
<testsuite hostname="DESKTOP-46VVE2N" failures="0" tests="1" name="practicing.FrameAndList" time="0.154" errors="0" timestamp="2025-08-29T01:22:17 EEST" skipped="0">
  <testcase classname="practicing.FrameAndList" name="test" time="0.154"/>
</testsuite> <!-- practicing.FrameAndList -->
