<?xml version="1.0" encoding="UTF-8"?>
<!-- Generated by org.testng.reporters.JUnitReportReporter -->
<testsuite hostname="DESKTOP-46VVE2N" failures="0" tests="1" name="MavenMai.Maven111.CheckBoxAssertions" time="6.468" errors="0" timestamp="2025-08-20T10:11:49 EEST" skipped="0">
  <testcase classname="MavenMai.Maven111.CheckBoxAssertions" name="testCheckboxCheckAndUncheck" time="6.468"/>
</testsuite> <!-- MavenMai.Maven111.CheckBoxAssertions -->
